#
# There is insufficient memory for the Java Runtime Environment to continue.
# Native memory allocation (malloc) failed to allocate 1568816 bytes. Error detail: Chunk::new
# Possible reasons:
#   The system is out of physical RAM or swap space
#   This process is running with CompressedOops enabled, and the Java Heap may be blocking the growth of the native heap
# Possible solutions:
#   Reduce memory load on the system
#   Increase physical memory or swap space
#   Check if swap backing store is full
#   Decrease Java heap size (-Xmx/-Xms)
#   Decrease number of Java threads
#   Decrease Java thread stack sizes (-Xss)
#   Set larger code cache with -XX:ReservedCodeCacheSize=
#   JVM is running with Unscaled Compressed Oops mode in which the Java heap is
#     placed in the first 4GB address space. The Java Heap base address is the
#     maximum limit for the native heap growth. Please use -XX:HeapBaseMinAddress
#     to set the Java Heap base and to place the Java Heap above 4GB virtual address.
# This output file may be truncated or incomplete.
#
#  Out of Memory Error (arena.cpp:168), pid=25740, tid=31028
#
# JRE version: OpenJDK Runtime Environment Temurin-21.0.8+9 (21.0.8+9) (build 21.0.8+9-LTS)
# Java VM: OpenJDK 64-Bit Server VM Temurin-21.0.8+9 (21.0.8+9-LTS, mixed mode, sharing, tiered, compressed oops, compressed class ptrs, parallel gc, windows-amd64)
# No core dump will be written. Minidumps are not enabled by default on client versions of Windows
#

---------------  S U M M A R Y ------------

Command Line: --add-modules=ALL-SYSTEM --add-opens=java.base/java.util=ALL-UNNAMED --add-opens=java.base/java.lang=ALL-UNNAMED --add-opens=java.base/sun.nio.fs=ALL-UNNAMED -Declipse.application=org.eclipse.jdt.ls.core.id1 -Dosgi.bundles.defaultStartLevel=4 -Declipse.product=org.eclipse.jdt.ls.core.product -Djava.import.generatesMetadataFilesAtProjectRoot=false -DDetectVMInstallationsJob.disabled=true -Dfile.encoding=utf8 -XX:+UseParallelGC -XX:GCTimeRatio=4 -XX:AdaptiveSizePolicyWeight=90 -Dsun.zip.disableMemoryMapping=true -Xmx2G -Xms100m -Xlog:disable -javaagent:c:\Users\48_pkf\.windsurf\extensions\redhat.java-1.44.0-win32-x64\lombok\lombok-1.18.39-4050.jar -XX:+HeapDumpOnOutOfMemoryError -XX:HeapDumpPath=c:\Users\48_pkf\AppData\Roaming\Windsurf\User\workspaceStorage\3b98a8cfaf201d25ada82b0d832fd192\redhat.java -Daether.dependencyCollector.impl=bf c:\Users\48_pkf\.windsurf\extensions\redhat.java-1.44.0-win32-x64\server\plugins\org.eclipse.equinox.launcher_1.7.0.v20250519-0528.jar -configuration c:\Users\48_pkf\AppData\Roaming\Windsurf\User\globalStorage\redhat.java\1.44.0\config_win -data c:\Users\48_pkf\AppData\Roaming\Windsurf\User\workspaceStorage\3b98a8cfaf201d25ada82b0d832fd192\redhat.java\jdt_ws --pipe=\\.\pipe\lsp-cd6efa72d5d54378961b3d6487b814fb-sock

Host: 12th Gen Intel(R) Core(TM) i5-1235U, 12 cores, 7G,  Windows 11 , 64 bit Build 26100 (10.0.26100.5074)
Time: Tue Sep 30 09:59:08 2025 elapsed time: 62.237470 seconds (0d 0h 1m 2s)

---------------  T H R E A D  ---------------

Current thread (0x000001d97edc76a0):  JavaThread "C2 CompilerThread1" daemon [_thread_in_native, id=31028, stack(0x0000007de5a00000,0x0000007de5b00000) (1024K)]


Current CompileTask:
C2:62237 4689       4       org.lombokweb.asm.ClassReader::readMethod (1070 bytes)

Stack: [0x0000007de5a00000,0x0000007de5b00000]
Native frames: (J=compiled Java code, j=interpreted, Vv=VM code, C=native code)
V  [jvm.dll+0x6d2449]
V  [jvm.dll+0x8ae341]
V  [jvm.dll+0x8b08be]
V  [jvm.dll+0x8b0fa3]
V  [jvm.dll+0x280c96]
V  [jvm.dll+0xc581d]
V  [jvm.dll+0xc5d53]
V  [jvm.dll+0x3b9162]
V  [jvm.dll+0x385315]
V  [jvm.dll+0x38477a]
V  [jvm.dll+0x248ed0]
V  [jvm.dll+0x2484af]
V  [jvm.dll+0x1c89ee]
V  [jvm.dll+0x257d4d]
V  [jvm.dll+0x2562ea]
V  [jvm.dll+0x3f2d16]
V  [jvm.dll+0x857e6b]
V  [jvm.dll+0x6d0b0d]
C  [ucrtbase.dll+0x37b0]
C  [KERNEL32.DLL+0x2e8d7]
C  [ntdll.dll+0x8d9c]


---------------  P R O C E S S  ---------------

Threads class SMR info:
_java_thread_list=0x000001d97d54c1f0, length=25, elements={
0x000001d91cb95020, 0x000001d91cc37400, 0x000001d9355cb4f0, 0x000001d91cc3c0b0,
0x000001d91cc3cc00, 0x000001d91cc3ed10, 0x000001d91cc44c40, 0x000001d91cc4b4c0,
0x000001d91cc4bf50, 0x000001d977bbead0, 0x000001d977d9c4d0, 0x000001d97d84a1b0,
0x000001d97d6ce330, 0x000001d97d525770, 0x000001d977ea7530, 0x000001d977b9e5b0,
0x000001d97d2316a0, 0x000001d977b76190, 0x000001d977b77540, 0x000001d977b75470,
0x000001d977b78260, 0x000001d977b76820, 0x000001d977b76eb0, 0x000001d97edc76a0,
0x000001d97e409c00
}

Java Threads: ( => current thread )
  0x000001d91cb95020 JavaThread "main"                              [_thread_blocked, id=25952, stack(0x0000007de3700000,0x0000007de3800000) (1024K)]
  0x000001d91cc37400 JavaThread "Reference Handler"          daemon [_thread_blocked, id=24336, stack(0x0000007de3b00000,0x0000007de3c00000) (1024K)]
  0x000001d9355cb4f0 JavaThread "Finalizer"                  daemon [_thread_blocked, id=28076, stack(0x0000007de3c00000,0x0000007de3d00000) (1024K)]
  0x000001d91cc3c0b0 JavaThread "Signal Dispatcher"          daemon [_thread_blocked, id=33376, stack(0x0000007de3d00000,0x0000007de3e00000) (1024K)]
  0x000001d91cc3cc00 JavaThread "Attach Listener"            daemon [_thread_blocked, id=22976, stack(0x0000007de3e00000,0x0000007de3f00000) (1024K)]
  0x000001d91cc3ed10 JavaThread "Service Thread"             daemon [_thread_blocked, id=14220, stack(0x0000007de3f00000,0x0000007de4000000) (1024K)]
  0x000001d91cc44c40 JavaThread "Monitor Deflation Thread"   daemon [_thread_blocked, id=34492, stack(0x0000007de4000000,0x0000007de4100000) (1024K)]
  0x000001d91cc4b4c0 JavaThread "C2 CompilerThread0"         daemon [_thread_in_native, id=33136, stack(0x0000007de4100000,0x0000007de4200000) (1024K)]
  0x000001d91cc4bf50 JavaThread "C1 CompilerThread0"         daemon [_thread_blocked, id=25628, stack(0x0000007de4200000,0x0000007de4300000) (1024K)]
  0x000001d977bbead0 JavaThread "Common-Cleaner"             daemon [_thread_blocked, id=24252, stack(0x0000007de4300000,0x0000007de4400000) (1024K)]
  0x000001d977d9c4d0 JavaThread "Notification Thread"        daemon [_thread_blocked, id=23456, stack(0x0000007de4500000,0x0000007de4600000) (1024K)]
  0x000001d97d84a1b0 JavaThread "Active Thread: Equinox Container: a796a7ad-4cb1-4aa0-b19b-1838acaeb4b9"        [_thread_blocked, id=25828, stack(0x0000007de4c00000,0x0000007de4d00000) (1024K)]
  0x000001d97d6ce330 JavaThread "Refresh Thread: Equinox Container: a796a7ad-4cb1-4aa0-b19b-1838acaeb4b9" daemon [_thread_blocked, id=20416, stack(0x0000007de4d00000,0x0000007de4e00000) (1024K)]
  0x000001d97d525770 JavaThread "Framework Event Dispatcher: Equinox Container: a796a7ad-4cb1-4aa0-b19b-1838acaeb4b9" daemon [_thread_blocked, id=34496, stack(0x0000007de4e00000,0x0000007de4f00000) (1024K)]
  0x000001d977ea7530 JavaThread "Start Level: Equinox Container: a796a7ad-4cb1-4aa0-b19b-1838acaeb4b9" daemon [_thread_in_native, id=18592, stack(0x0000007de4f00000,0x0000007de5000000) (1024K)]
  0x000001d977b9e5b0 JavaThread "Bundle File Closer"         daemon [_thread_blocked, id=31920, stack(0x0000007de5200000,0x0000007de5300000) (1024K)]
  0x000001d97d2316a0 JavaThread "SCR Component Actor"        daemon [_thread_blocked, id=6000, stack(0x0000007de5300000,0x0000007de5400000) (1024K)]
  0x000001d977b76190 JavaThread "Worker-JM"                         [_thread_blocked, id=8972, stack(0x0000007de5600000,0x0000007de5700000) (1024K)]
  0x000001d977b77540 JavaThread "JNA Cleaner"                daemon [_thread_blocked, id=27452, stack(0x0000007de5500000,0x0000007de5600000) (1024K)]
  0x000001d977b75470 JavaThread "Worker-0: Repository registry initialization"        [_thread_in_vm, id=34104, stack(0x0000007de5400000,0x0000007de5500000) (1024K)]
  0x000001d977b78260 JavaThread "Worker-1: Refreshing workspace"        [_thread_in_vm, id=27196, stack(0x0000007de5700000,0x0000007de5800000) (1024K)]
  0x000001d977b76820 JavaThread "SCR Component Registry"     daemon [_thread_blocked, id=32556, stack(0x0000007de5800000,0x0000007de5900000) (1024K)]
  0x000001d977b76eb0 JavaThread "Worker-2: Updating workspace"        [_thread_blocked, id=12436, stack(0x0000007de5900000,0x0000007de5a00000) (1024K)]
=>0x000001d97edc76a0 JavaThread "C2 CompilerThread1"         daemon [_thread_in_native, id=31028, stack(0x0000007de5a00000,0x0000007de5b00000) (1024K)]
  0x000001d97e409c00 JavaThread "Worker-3"                          [_thread_blocked, id=29352, stack(0x0000007de3400000,0x0000007de3500000) (1024K)]
Total: 25

Other Threads:
  0x000001d91cc32c30 VMThread "VM Thread"                           [id=23328, stack(0x0000007de3a00000,0x0000007de3b00000) (1024K)]
  0x000001d9354aca00 WatcherThread "VM Periodic Task Thread"        [id=3888, stack(0x0000007de3900000,0x0000007de3a00000) (1024K)]
  0x000001d91cbb4780 WorkerThread "GC Thread#0"                     [id=32424, stack(0x0000007de3800000,0x0000007de3900000) (1024K)]
  0x000001d97d391da0 WorkerThread "GC Thread#1"                     [id=22256, stack(0x0000007de4600000,0x0000007de4700000) (1024K)]
  0x000001d97d579420 WorkerThread "GC Thread#2"                     [id=34604, stack(0x0000007de4700000,0x0000007de4800000) (1024K)]
  0x000001d97d5b6a10 WorkerThread "GC Thread#3"                     [id=12960, stack(0x0000007de4800000,0x0000007de4900000) (1024K)]
  0x000001d97d5b6db0 WorkerThread "GC Thread#4"                     [id=31520, stack(0x0000007de4900000,0x0000007de4a00000) (1024K)]
  0x000001d97d4ae320 WorkerThread "GC Thread#5"                     [id=7880, stack(0x0000007de4a00000,0x0000007de4b00000) (1024K)]
  0x000001d97d4ae6c0 WorkerThread "GC Thread#6"                     [id=18360, stack(0x0000007de4b00000,0x0000007de4c00000) (1024K)]
  0x000001d97d2e1630 WorkerThread "GC Thread#7"                     [id=26792, stack(0x0000007de4400000,0x0000007de4500000) (1024K)]
  0x000001d97da0ea80 WorkerThread "GC Thread#8"                     [id=25460, stack(0x0000007de5000000,0x0000007de5100000) (1024K)]
  0x000001d97da0ee20 WorkerThread "GC Thread#9"                     [id=31996, stack(0x0000007de5100000,0x0000007de5200000) (1024K)]
Total: 12

Threads with active compile tasks:
C2 CompilerThread0  62305 4903   !   4       org.eclipse.osgi.internal.loader.classpath.ClasspathManager::findClassImpl (343 bytes)
C2 CompilerThread1  62305 4689       4       org.lombokweb.asm.ClassReader::readMethod (1070 bytes)
Total: 2

VM state: not at safepoint (normal execution)

VM Mutex/Monitor currently owned by a thread: None

Heap address: 0x0000000080000000, size: 2048 MB, Compressed Oops mode: 32-bit

CDS archive(s) mapped at: [0x000001d936000000-0x000001d936ba0000-0x000001d936ba0000), size 12189696, SharedBaseAddress: 0x000001d936000000, ArchiveRelocationMode: 1.
Compressed class space mapped at: 0x000001d937000000-0x000001d977000000, reserved size: 1073741824
Narrow klass base: 0x000001d936000000, Narrow klass shift: 0, Narrow klass range: 0x100000000

GC Precious Log:
 CardTable entry size: 512
 CPUs: 12 total, 12 available
 Memory: 7880M
 Large Page Support: Disabled
 NUMA Support: Disabled
 Compressed Oops: Enabled (32-bit)
 Alignments: Space 512K, Generation 512K, Heap 2M
 Heap Min Capacity: 100M
 Heap Initial Capacity: 100M
 Heap Max Capacity: 2G
 Pre-touch: Disabled
 Parallel Workers: 10

Heap:
 PSYoungGen      total 25600K, used 20797K [0x00000000d5580000, 0x00000000d7380000, 0x0000000100000000)
  eden space 23040K, 80% used [0x00000000d5580000,0x00000000d67b54e8,0x00000000d6c00000)
  from space 2560K, 84% used [0x00000000d7100000,0x00000000d731a2b0,0x00000000d7380000)
  to   space 2560K, 0% used [0x00000000d6e80000,0x00000000d6e80000,0x00000000d7100000)
 ParOldGen       total 68608K, used 15489K [0x0000000080000000, 0x0000000084300000, 0x00000000d5580000)
  object space 68608K, 22% used [0x0000000080000000,0x0000000080f20598,0x0000000084300000)
 Metaspace       used 29436K, committed 30464K, reserved 1114112K
  class space    used 2885K, committed 3328K, reserved 1048576K

Card table byte_map: [0x000001d930910000,0x000001d930d20000] _byte_map_base: 0x000001d930510000

Marking Bits: (ParMarkBitMap*) 0x00007ff8ab47a340
 Begin Bits: [0x000001d930fd0000, 0x000001d932fd0000)
 End Bits:   [0x000001d932fd0000, 0x000001d934fd0000)

Polling page: 0x000001d91cc50000

Metaspace:

Usage:
  Non-class:     25.93 MB used.
      Class:      2.82 MB used.
       Both:     28.75 MB used.

Virtual space:
  Non-class space:       64.00 MB reserved,      26.50 MB ( 41%) committed,  1 nodes.
      Class space:        1.00 GB reserved,       3.25 MB ( <1%) committed,  1 nodes.
             Both:        1.06 GB reserved,      29.75 MB (  3%) committed. 

Chunk freelists:
   Non-Class:  4.92 MB
       Class:  12.70 MB
        Both:  17.62 MB

MaxMetaspaceSize: unlimited
CompressedClassSpaceSize: 1.00 GB
Initial GC threshold: 21.00 MB
Current GC threshold: 35.00 MB
CDS: on
 - commit_granule_bytes: 65536.
 - commit_granule_words: 8192.
 - virtual_space_node_default_size: 8388608.
 - enlarge_chunks_in_place: 1.
 - use_allocation_guard: 0.


Internal statistics:

num_allocs_failed_limit: 3.
num_arena_births: 834.
num_arena_deaths: 14.
num_vsnodes_births: 2.
num_vsnodes_deaths: 0.
num_space_committed: 476.
num_space_uncommitted: 0.
num_chunks_returned_to_freelist: 17.
num_chunks_taken_from_freelist: 2067.
num_chunk_merges: 4.
num_chunk_splits: 1322.
num_chunks_enlarged: 804.
num_inconsistent_stats: 0.

CodeHeap 'non-profiled nmethods': size=120000Kb used=2340Kb max_used=2340Kb free=117659Kb
 bounds [0x000001d929200000, 0x000001d929470000, 0x000001d930730000]
CodeHeap 'profiled nmethods': size=120000Kb used=10464Kb max_used=10464Kb free=109535Kb
 bounds [0x000001d921730000, 0x000001d922170000, 0x000001d928c60000]
CodeHeap 'non-nmethods': size=5760Kb used=1335Kb max_used=1356Kb free=4424Kb
 bounds [0x000001d928c60000, 0x000001d928ed0000, 0x000001d929200000]
CodeCache: size=245760Kb, used=14139Kb, max_used=14160Kb, free=231618Kb
 total_blobs=5537, nmethods=4910, adapters=533, full_count=0
Compilation: enabled, stopped_count=0, restarted_count=0

Compilation events (20 events):
Event: 61.158 Thread 0x000001d91cc4bf50 4862       3       org.codehaus.plexus.util.xml.pull.MXParser::isValidCodePoint (64 bytes)
Event: 61.159 Thread 0x000001d91cc4bf50 nmethod 4862 0x000001d922135a10 code [0x000001d922135bc0, 0x000001d922135e88]
Event: 61.159 Thread 0x000001d91cc4bf50 4864       3       org.codehaus.plexus.util.xml.pull.MXParser::isNameChar (56 bytes)
Event: 61.159 Thread 0x000001d91cc4bf50 nmethod 4864 0x000001d922135f10 code [0x000001d9221360c0, 0x000001d922136340]
Event: 61.159 Thread 0x000001d91cc4bf50 4863       3       java.io.File::getCanonicalPath (31 bytes)
Event: 61.159 Thread 0x000001d91cc4bf50 nmethod 4863 0x000001d922136410 code [0x000001d922136600, 0x000001d9221368b8]
Event: 61.160 Thread 0x000001d91cc4bf50 4865       3       org.codehaus.plexus.util.xml.pull.MXParser::nextImpl (1203 bytes)
Event: 61.165 Thread 0x000001d91cc4bf50 nmethod 4865 0x000001d922136a10 code [0x000001d9221370a0, 0x000001d922139ee0]
Event: 61.166 Thread 0x000001d91cc4bf50 4869       3       org.codehaus.plexus.util.xml.pull.MXParser::next (10 bytes)
Event: 61.166 Thread 0x000001d91cc4bf50 nmethod 4869 0x000001d92213ad90 code [0x000001d92213af40, 0x000001d92213b080]
Event: 61.166 Thread 0x000001d91cc4bf50 4866       3       java.util.regex.Pattern$BranchConn::study (5 bytes)
Event: 61.166 Thread 0x000001d91cc4bf50 nmethod 4866 0x000001d92213b110 code [0x000001d92213b2a0, 0x000001d92213b3b8]
Event: 61.166 Thread 0x000001d91cc4bf50 4867       3       java.util.regex.Pattern$SliceNode::study (37 bytes)
Event: 61.167 Thread 0x000001d91cc4bf50 nmethod 4867 0x000001d92213b490 code [0x000001d92213b640, 0x000001d92213b838]
Event: 61.167 Thread 0x000001d91cc4bf50 4870       3       java.util.LinkedHashMap$LinkedKeyIterator::next (8 bytes)
Event: 61.167 Thread 0x000001d91cc4bf50 nmethod 4870 0x000001d92213b910 code [0x000001d92213bac0, 0x000001d92213bc18]
Event: 61.173 Thread 0x000001d91cc4bf50 4871       3       org.eclipse.core.internal.dtree.DeltaDataTree::getChildren (59 bytes)
Event: 61.174 Thread 0x000001d91cc4bf50 nmethod 4871 0x000001d92213bd10 code [0x000001d92213bf00, 0x000001d92213c448]
Event: 61.175 Thread 0x000001d91cc4bf50 4872   !   3       java.util.regex.Pattern::RemoveQEQuoting (370 bytes)
Event: 62.166 Thread 0x000001d91cc4bf50 nmethod 4872 0x000001d92213c690 code [0x000001d92213c960, 0x000001d92213da10]

GC Heap History (20 events):
Event: 16.566 GC heap before
{Heap before GC invocations=2 (full 0):
 PSYoungGen      total 29696K, used 28934K [0x00000000d5580000, 0x00000000d7680000, 0x0000000100000000)
  eden space 25600K, 100% used [0x00000000d5580000,0x00000000d6e80000,0x00000000d6e80000)
  from space 4096K, 81% used [0x00000000d6e80000,0x00000000d71c1bb8,0x00000000d7280000)
  to   space 4096K, 0% used [0x00000000d7280000,0x00000000d7280000,0x00000000d7680000)
 ParOldGen       total 68608K, used 16K [0x0000000080000000, 0x0000000084300000, 0x00000000d5580000)
  object space 68608K, 0% used [0x0000000080000000,0x0000000080004000,0x0000000084300000)
 Metaspace       used 7984K, committed 8256K, reserved 1114112K
  class space    used 831K, committed 960K, reserved 1048576K
}
Event: 16.580 GC heap after
{Heap after GC invocations=2 (full 0):
 PSYoungGen      total 29696K, used 4069K [0x00000000d5580000, 0x00000000d7680000, 0x0000000100000000)
  eden space 25600K, 0% used [0x00000000d5580000,0x00000000d5580000,0x00000000d6e80000)
  from space 4096K, 99% used [0x00000000d7280000,0x00000000d7679520,0x00000000d7680000)
  to   space 4096K, 0% used [0x00000000d6e80000,0x00000000d6e80000,0x00000000d7280000)
 ParOldGen       total 68608K, used 1713K [0x0000000080000000, 0x0000000084300000, 0x00000000d5580000)
  object space 68608K, 2% used [0x0000000080000000,0x00000000801ac738,0x0000000084300000)
 Metaspace       used 7984K, committed 8256K, reserved 1114112K
  class space    used 831K, committed 960K, reserved 1048576K
}
Event: 29.854 GC heap before
{Heap before GC invocations=3 (full 0):
 PSYoungGen      total 29696K, used 29669K [0x00000000d5580000, 0x00000000d7680000, 0x0000000100000000)
  eden space 25600K, 100% used [0x00000000d5580000,0x00000000d6e80000,0x00000000d6e80000)
  from space 4096K, 99% used [0x00000000d7280000,0x00000000d7679520,0x00000000d7680000)
  to   space 4096K, 0% used [0x00000000d6e80000,0x00000000d6e80000,0x00000000d7280000)
 ParOldGen       total 68608K, used 1713K [0x0000000080000000, 0x0000000084300000, 0x00000000d5580000)
  object space 68608K, 2% used [0x0000000080000000,0x00000000801ac738,0x0000000084300000)
 Metaspace       used 9390K, committed 9728K, reserved 1114112K
  class space    used 1002K, committed 1152K, reserved 1048576K
}
Event: 29.869 GC heap after
{Heap after GC invocations=3 (full 0):
 PSYoungGen      total 29696K, used 4089K [0x00000000d5580000, 0x00000000d7680000, 0x0000000100000000)
  eden space 25600K, 0% used [0x00000000d5580000,0x00000000d5580000,0x00000000d6e80000)
  from space 4096K, 99% used [0x00000000d6e80000,0x00000000d727e7e8,0x00000000d7280000)
  to   space 4096K, 0% used [0x00000000d7280000,0x00000000d7280000,0x00000000d7680000)
 ParOldGen       total 68608K, used 4664K [0x0000000080000000, 0x0000000084300000, 0x00000000d5580000)
  object space 68608K, 6% used [0x0000000080000000,0x000000008048e3d8,0x0000000084300000)
 Metaspace       used 9390K, committed 9728K, reserved 1114112K
  class space    used 1002K, committed 1152K, reserved 1048576K
}
Event: 47.260 GC heap before
{Heap before GC invocations=4 (full 0):
 PSYoungGen      total 29696K, used 29689K [0x00000000d5580000, 0x00000000d7680000, 0x0000000100000000)
  eden space 25600K, 100% used [0x00000000d5580000,0x00000000d6e80000,0x00000000d6e80000)
  from space 4096K, 99% used [0x00000000d6e80000,0x00000000d727e7e8,0x00000000d7280000)
  to   space 4096K, 0% used [0x00000000d7280000,0x00000000d7280000,0x00000000d7680000)
 ParOldGen       total 68608K, used 4664K [0x0000000080000000, 0x0000000084300000, 0x00000000d5580000)
  object space 68608K, 6% used [0x0000000080000000,0x000000008048e3d8,0x0000000084300000)
 Metaspace       used 11974K, committed 12352K, reserved 1114112K
  class space    used 1256K, committed 1408K, reserved 1048576K
}
Event: 47.270 GC heap after
{Heap after GC invocations=4 (full 0):
 PSYoungGen      total 29696K, used 4069K [0x00000000d5580000, 0x00000000d7680000, 0x0000000100000000)
  eden space 25600K, 0% used [0x00000000d5580000,0x00000000d5580000,0x00000000d6e80000)
  from space 4096K, 99% used [0x00000000d7280000,0x00000000d7679500,0x00000000d7680000)
  to   space 4096K, 0% used [0x00000000d6e80000,0x00000000d6e80000,0x00000000d7280000)
 ParOldGen       total 68608K, used 6592K [0x0000000080000000, 0x0000000084300000, 0x00000000d5580000)
  object space 68608K, 9% used [0x0000000080000000,0x0000000080670158,0x0000000084300000)
 Metaspace       used 11974K, committed 12352K, reserved 1114112K
  class space    used 1256K, committed 1408K, reserved 1048576K
}
Event: 50.139 GC heap before
{Heap before GC invocations=5 (full 0):
 PSYoungGen      total 29696K, used 29669K [0x00000000d5580000, 0x00000000d7680000, 0x0000000100000000)
  eden space 25600K, 100% used [0x00000000d5580000,0x00000000d6e80000,0x00000000d6e80000)
  from space 4096K, 99% used [0x00000000d7280000,0x00000000d7679500,0x00000000d7680000)
  to   space 4096K, 0% used [0x00000000d6e80000,0x00000000d6e80000,0x00000000d7280000)
 ParOldGen       total 68608K, used 6592K [0x0000000080000000, 0x0000000084300000, 0x00000000d5580000)
  object space 68608K, 9% used [0x0000000080000000,0x0000000080670158,0x0000000084300000)
 Metaspace       used 15132K, committed 15744K, reserved 1114112K
  class space    used 1536K, committed 1856K, reserved 1048576K
}
Event: 50.145 GC heap after
{Heap after GC invocations=5 (full 0):
 PSYoungGen      total 29184K, used 4087K [0x00000000d5580000, 0x00000000d7a00000, 0x0000000100000000)
  eden space 25088K, 0% used [0x00000000d5580000,0x00000000d5580000,0x00000000d6e00000)
  from space 4096K, 99% used [0x00000000d6e80000,0x00000000d727dc98,0x00000000d7280000)
  to   space 6144K, 0% used [0x00000000d7400000,0x00000000d7400000,0x00000000d7a00000)
 ParOldGen       total 68608K, used 8156K [0x0000000080000000, 0x0000000084300000, 0x00000000d5580000)
  object space 68608K, 11% used [0x0000000080000000,0x00000000807f7240,0x0000000084300000)
 Metaspace       used 15132K, committed 15744K, reserved 1114112K
  class space    used 1536K, committed 1856K, reserved 1048576K
}
Event: 54.990 GC heap before
{Heap before GC invocations=6 (full 0):
 PSYoungGen      total 29184K, used 29175K [0x00000000d5580000, 0x00000000d7a00000, 0x0000000100000000)
  eden space 25088K, 100% used [0x00000000d5580000,0x00000000d6e00000,0x00000000d6e00000)
  from space 4096K, 99% used [0x00000000d6e80000,0x00000000d727dc98,0x00000000d7280000)
  to   space 6144K, 0% used [0x00000000d7400000,0x00000000d7400000,0x00000000d7a00000)
 ParOldGen       total 68608K, used 8156K [0x0000000080000000, 0x0000000084300000, 0x00000000d5580000)
  object space 68608K, 11% used [0x0000000080000000,0x00000000807f7240,0x0000000084300000)
 Metaspace       used 18507K, committed 19200K, reserved 1114112K
  class space    used 1894K, committed 2176K, reserved 1048576K
}
Event: 54.997 GC heap after
{Heap after GC invocations=6 (full 0):
 PSYoungGen      total 30720K, used 5688K [0x00000000d5580000, 0x00000000d7a00000, 0x0000000100000000)
  eden space 24576K, 0% used [0x00000000d5580000,0x00000000d5580000,0x00000000d6d80000)
  from space 6144K, 92% used [0x00000000d7400000,0x00000000d798e1b0,0x00000000d7a00000)
  to   space 6144K, 0% used [0x00000000d6e00000,0x00000000d6e00000,0x00000000d7400000)
 ParOldGen       total 68608K, used 8164K [0x0000000080000000, 0x0000000084300000, 0x00000000d5580000)
  object space 68608K, 11% used [0x0000000080000000,0x00000000807f9240,0x0000000084300000)
 Metaspace       used 18507K, committed 19200K, reserved 1114112K
  class space    used 1894K, committed 2176K, reserved 1048576K
}
Event: 57.620 GC heap before
{Heap before GC invocations=7 (full 0):
 PSYoungGen      total 30720K, used 27767K [0x00000000d5580000, 0x00000000d7a00000, 0x0000000100000000)
  eden space 24576K, 89% used [0x00000000d5580000,0x00000000d6b0fc40,0x00000000d6d80000)
  from space 6144K, 92% used [0x00000000d7400000,0x00000000d798e1b0,0x00000000d7a00000)
  to   space 6144K, 0% used [0x00000000d6e00000,0x00000000d6e00000,0x00000000d7400000)
 ParOldGen       total 68608K, used 8164K [0x0000000080000000, 0x0000000084300000, 0x00000000d5580000)
  object space 68608K, 11% used [0x0000000080000000,0x00000000807f9240,0x0000000084300000)
 Metaspace       used 20671K, committed 21504K, reserved 1114112K
  class space    used 2146K, committed 2496K, reserved 1048576K
}
Event: 57.626 GC heap after
{Heap after GC invocations=7 (full 0):
 PSYoungGen      total 29184K, used 4207K [0x00000000d5580000, 0x00000000d7780000, 0x0000000100000000)
  eden space 24576K, 0% used [0x00000000d5580000,0x00000000d5580000,0x00000000d6d80000)
  from space 4608K, 91% used [0x00000000d6e00000,0x00000000d721bef0,0x00000000d7280000)
  to   space 5120K, 0% used [0x00000000d7280000,0x00000000d7280000,0x00000000d7780000)
 ParOldGen       total 68608K, used 9729K [0x0000000080000000, 0x0000000084300000, 0x00000000d5580000)
  object space 68608K, 14% used [0x0000000080000000,0x00000000809805b0,0x0000000084300000)
 Metaspace       used 20671K, committed 21504K, reserved 1114112K
  class space    used 2146K, committed 2496K, reserved 1048576K
}
Event: 57.626 GC heap before
{Heap before GC invocations=8 (full 1):
 PSYoungGen      total 29184K, used 4207K [0x00000000d5580000, 0x00000000d7780000, 0x0000000100000000)
  eden space 24576K, 0% used [0x00000000d5580000,0x00000000d5580000,0x00000000d6d80000)
  from space 4608K, 91% used [0x00000000d6e00000,0x00000000d721bef0,0x00000000d7280000)
  to   space 5120K, 0% used [0x00000000d7280000,0x00000000d7280000,0x00000000d7780000)
 ParOldGen       total 68608K, used 9729K [0x0000000080000000, 0x0000000084300000, 0x00000000d5580000)
  object space 68608K, 14% used [0x0000000080000000,0x00000000809805b0,0x0000000084300000)
 Metaspace       used 20671K, committed 21504K, reserved 1114112K
  class space    used 2146K, committed 2496K, reserved 1048576K
}
Event: 57.699 GC heap after
{Heap after GC invocations=8 (full 1):
 PSYoungGen      total 29184K, used 0K [0x00000000d5580000, 0x00000000d7780000, 0x0000000100000000)
  eden space 24576K, 0% used [0x00000000d5580000,0x00000000d5580000,0x00000000d6d80000)
  from space 4608K, 0% used [0x00000000d6e00000,0x00000000d6e00000,0x00000000d7280000)
  to   space 5120K, 0% used [0x00000000d7280000,0x00000000d7280000,0x00000000d7780000)
 ParOldGen       total 68608K, used 13110K [0x0000000080000000, 0x0000000084300000, 0x00000000d5580000)
  object space 68608K, 19% used [0x0000000080000000,0x0000000080ccd860,0x0000000084300000)
 Metaspace       used 20658K, committed 21504K, reserved 1114112K
  class space    used 2142K, committed 2496K, reserved 1048576K
}
Event: 60.291 GC heap before
{Heap before GC invocations=9 (full 1):
 PSYoungGen      total 29184K, used 24448K [0x00000000d5580000, 0x00000000d7780000, 0x0000000100000000)
  eden space 24576K, 99% used [0x00000000d5580000,0x00000000d6d601c0,0x00000000d6d80000)
  from space 4608K, 0% used [0x00000000d6e00000,0x00000000d6e00000,0x00000000d7280000)
  to   space 5120K, 0% used [0x00000000d7280000,0x00000000d7280000,0x00000000d7780000)
 ParOldGen       total 68608K, used 13110K [0x0000000080000000, 0x0000000084300000, 0x00000000d5580000)
  object space 68608K, 19% used [0x0000000080000000,0x0000000080ccd860,0x0000000084300000)
 Metaspace       used 22943K, committed 24000K, reserved 1114112K
  class space    used 2372K, committed 2816K, reserved 1048576K
}
Event: 60.294 GC heap after
{Heap after GC invocations=9 (full 1):
 PSYoungGen      total 28672K, used 4381K [0x00000000d5580000, 0x00000000d7700000, 0x0000000100000000)
  eden space 24064K, 0% used [0x00000000d5580000,0x00000000d5580000,0x00000000d6d00000)
  from space 4608K, 95% used [0x00000000d7280000,0x00000000d76c75d0,0x00000000d7700000)
  to   space 4608K, 0% used [0x00000000d6e00000,0x00000000d6e00000,0x00000000d7280000)
 ParOldGen       total 68608K, used 13118K [0x0000000080000000, 0x0000000084300000, 0x00000000d5580000)
  object space 68608K, 19% used [0x0000000080000000,0x0000000080ccf860,0x0000000084300000)
 Metaspace       used 22943K, committed 24000K, reserved 1114112K
  class space    used 2372K, committed 2816K, reserved 1048576K
}
Event: 60.677 GC heap before
{Heap before GC invocations=10 (full 1):
 PSYoungGen      total 28672K, used 28445K [0x00000000d5580000, 0x00000000d7700000, 0x0000000100000000)
  eden space 24064K, 100% used [0x00000000d5580000,0x00000000d6d00000,0x00000000d6d00000)
  from space 4608K, 95% used [0x00000000d7280000,0x00000000d76c75d0,0x00000000d7700000)
  to   space 4608K, 0% used [0x00000000d6e00000,0x00000000d6e00000,0x00000000d7280000)
 ParOldGen       total 68608K, used 13118K [0x0000000080000000, 0x0000000084300000, 0x00000000d5580000)
  object space 68608K, 19% used [0x0000000080000000,0x0000000080ccf860,0x0000000084300000)
 Metaspace       used 25963K, committed 26944K, reserved 1114112K
  class space    used 2576K, committed 3008K, reserved 1048576K
}
Event: 60.680 GC heap after
{Heap after GC invocations=10 (full 1):
 PSYoungGen      total 26624K, used 2744K [0x00000000d5580000, 0x00000000d7380000, 0x0000000100000000)
  eden space 23552K, 0% used [0x00000000d5580000,0x00000000d5580000,0x00000000d6c80000)
  from space 3072K, 89% used [0x00000000d6e00000,0x00000000d70ae3e8,0x00000000d7100000)
  to   space 2560K, 0% used [0x00000000d7100000,0x00000000d7100000,0x00000000d7380000)
 ParOldGen       total 68608K, used 13126K [0x0000000080000000, 0x0000000084300000, 0x00000000d5580000)
  object space 68608K, 19% used [0x0000000080000000,0x0000000080cd1860,0x0000000084300000)
 Metaspace       used 25963K, committed 26944K, reserved 1114112K
  class space    used 2576K, committed 3008K, reserved 1048576K
}
Event: 61.016 GC heap before
{Heap before GC invocations=11 (full 1):
 PSYoungGen      total 26624K, used 26296K [0x00000000d5580000, 0x00000000d7380000, 0x0000000100000000)
  eden space 23552K, 100% used [0x00000000d5580000,0x00000000d6c80000,0x00000000d6c80000)
  from space 3072K, 89% used [0x00000000d6e00000,0x00000000d70ae3e8,0x00000000d7100000)
  to   space 2560K, 0% used [0x00000000d7100000,0x00000000d7100000,0x00000000d7380000)
 ParOldGen       total 68608K, used 13126K [0x0000000080000000, 0x0000000084300000, 0x00000000d5580000)
  object space 68608K, 19% used [0x0000000080000000,0x0000000080cd1860,0x0000000084300000)
 Metaspace       used 27561K, committed 28544K, reserved 1114112K
  class space    used 2689K, committed 3136K, reserved 1048576K
}
Event: 61.019 GC heap after
{Heap after GC invocations=11 (full 1):
 PSYoungGen      total 25600K, used 2152K [0x00000000d5580000, 0x00000000d7380000, 0x0000000100000000)
  eden space 23040K, 0% used [0x00000000d5580000,0x00000000d5580000,0x00000000d6c00000)
  from space 2560K, 84% used [0x00000000d7100000,0x00000000d731a2b0,0x00000000d7380000)
  to   space 2560K, 0% used [0x00000000d6e80000,0x00000000d6e80000,0x00000000d7100000)
 ParOldGen       total 68608K, used 15489K [0x0000000080000000, 0x0000000084300000, 0x00000000d5580000)
  object space 68608K, 22% used [0x0000000080000000,0x0000000080f20598,0x0000000084300000)
 Metaspace       used 27561K, committed 28544K, reserved 1114112K
  class space    used 2689K, committed 3136K, reserved 1048576K
}

Dll operation events (10 events):
Event: 0.021 Loaded shared library c:\Users\48_pkf\.windsurf\extensions\redhat.java-1.44.0-win32-x64\jre\21.0.8-win32-x86_64\bin\java.dll
Event: 0.183 Loaded shared library c:\Users\48_pkf\.windsurf\extensions\redhat.java-1.44.0-win32-x64\jre\21.0.8-win32-x86_64\bin\zip.dll
Event: 0.231 Loaded shared library C:\Users\48_pkf\.windsurf\extensions\redhat.java-1.44.0-win32-x64\jre\21.0.8-win32-x86_64\bin\instrument.dll
Event: 0.242 Loaded shared library C:\Users\48_pkf\.windsurf\extensions\redhat.java-1.44.0-win32-x64\jre\21.0.8-win32-x86_64\bin\net.dll
Event: 0.247 Loaded shared library C:\Users\48_pkf\.windsurf\extensions\redhat.java-1.44.0-win32-x64\jre\21.0.8-win32-x86_64\bin\nio.dll
Event: 0.255 Loaded shared library C:\Users\48_pkf\.windsurf\extensions\redhat.java-1.44.0-win32-x64\jre\21.0.8-win32-x86_64\bin\zip.dll
Event: 0.292 Loaded shared library C:\Users\48_pkf\.windsurf\extensions\redhat.java-1.44.0-win32-x64\jre\21.0.8-win32-x86_64\bin\jimage.dll
Event: 0.467 Loaded shared library c:\Users\48_pkf\.windsurf\extensions\redhat.java-1.44.0-win32-x64\jre\21.0.8-win32-x86_64\bin\verify.dll
Event: 17.742 Loaded shared library C:\Users\48_pkf\AppData\Roaming\Windsurf\User\globalStorage\redhat.java\1.44.0\config_win\org.eclipse.equinox.launcher\org.eclipse.equinox.launcher.win32.win32.x86_64_1.2.1400.v20250730-1736\eclipse_11913.dll
Event: 53.231 Loaded shared library C:\Users\48_pkf\AppData\Local\Temp\jna-1543374224\jna8356558139252785561.dll

Deoptimization events (20 events):
Event: 61.139 Thread 0x000001d977b75470 Uncommon trap: trap_request=0xffffffde fr.pc=0x000001d929429f38 relative=0x00000000000000f8
Event: 61.139 Thread 0x000001d977b75470 Uncommon trap: reason=class_check action=maybe_recompile pc=0x000001d929429f38 method=java.lang.Character.codePointAt(Ljava/lang/CharSequence;I)I @ 2 c2
Event: 61.140 Thread 0x000001d977b75470 DEOPT PACKING pc=0x000001d929429f38 sp=0x0000007de54fe500
Event: 61.140 Thread 0x000001d977b75470 DEOPT UNPACKING pc=0x000001d928cb3aa2 sp=0x0000007de54fe488 mode 2
Event: 61.140 Thread 0x000001d977b75470 Uncommon trap: trap_request=0xffffffde fr.pc=0x000001d929429f38 relative=0x00000000000000f8
Event: 61.140 Thread 0x000001d977b75470 Uncommon trap: reason=class_check action=maybe_recompile pc=0x000001d929429f38 method=java.lang.Character.codePointAt(Ljava/lang/CharSequence;I)I @ 2 c2
Event: 61.140 Thread 0x000001d977b75470 DEOPT PACKING pc=0x000001d929429f38 sp=0x0000007de54fe500
Event: 61.140 Thread 0x000001d977b75470 DEOPT UNPACKING pc=0x000001d928cb3aa2 sp=0x0000007de54fe488 mode 2
Event: 61.140 Thread 0x000001d977b75470 Uncommon trap: trap_request=0xffffffde fr.pc=0x000001d929429f38 relative=0x00000000000000f8
Event: 61.140 Thread 0x000001d977b75470 Uncommon trap: reason=class_check action=maybe_recompile pc=0x000001d929429f38 method=java.lang.Character.codePointAt(Ljava/lang/CharSequence;I)I @ 2 c2
Event: 61.140 Thread 0x000001d977b75470 DEOPT PACKING pc=0x000001d929429f38 sp=0x0000007de54fe500
Event: 61.140 Thread 0x000001d977b75470 DEOPT UNPACKING pc=0x000001d928cb3aa2 sp=0x0000007de54fe488 mode 2
Event: 61.140 Thread 0x000001d977b75470 Uncommon trap: trap_request=0xffffffde fr.pc=0x000001d929429f38 relative=0x00000000000000f8
Event: 61.140 Thread 0x000001d977b75470 Uncommon trap: reason=class_check action=maybe_recompile pc=0x000001d929429f38 method=java.lang.Character.codePointAt(Ljava/lang/CharSequence;I)I @ 2 c2
Event: 61.140 Thread 0x000001d977b75470 DEOPT PACKING pc=0x000001d929429f38 sp=0x0000007de54fe500
Event: 61.140 Thread 0x000001d977b75470 DEOPT UNPACKING pc=0x000001d928cb3aa2 sp=0x0000007de54fe488 mode 2
Event: 61.140 Thread 0x000001d977b75470 Uncommon trap: trap_request=0xffffff76 fr.pc=0x000001d92936965c relative=0x000000000000037c
Event: 61.140 Thread 0x000001d977b75470 Uncommon trap: reason=predicate action=maybe_recompile pc=0x000001d92936965c method=java.util.regex.Pattern$BmpCharPropertyGreedy.match(Ljava/util/regex/Matcher;ILjava/lang/CharSequence;)Z @ 12 c2
Event: 61.140 Thread 0x000001d977b75470 DEOPT PACKING pc=0x000001d92936965c sp=0x0000007de54fe470
Event: 61.140 Thread 0x000001d977b75470 DEOPT UNPACKING pc=0x000001d928cb3aa2 sp=0x0000007de54fe408 mode 2

Classes loaded (20 events):
Event: 60.218 Loading class java/io/InterruptedIOException done
Event: 60.218 Loading class java/net/SocketTimeoutException done
Event: 60.218 Loading class java/net/SocketException
Event: 60.219 Loading class java/net/SocketException done
Event: 60.219 Loading class java/net/UnknownHostException
Event: 60.219 Loading class java/net/UnknownHostException done
Event: 60.219 Loading class java/net/ProtocolException
Event: 60.219 Loading class java/net/ProtocolException done
Event: 60.246 Loading class java/lang/ThreadLocal$SuppliedThreadLocal
Event: 60.246 Loading class java/lang/ThreadLocal$SuppliedThreadLocal done
Event: 60.259 Loading class java/io/FileWriter
Event: 60.259 Loading class java/io/FileWriter done
Event: 60.261 Loading class java/lang/NegativeArraySizeException
Event: 60.261 Loading class java/lang/NegativeArraySizeException done
Event: 61.028 Loading class org/w3c/dom/DOMException
Event: 61.028 Loading class org/w3c/dom/DOMException done
Event: 61.066 Loading class java/util/ArrayDeque$DeqSpliterator
Event: 61.066 Loading class java/util/ArrayDeque$DeqSpliterator done
Event: 61.138 Loading class java/io/FileReader
Event: 61.138 Loading class java/io/FileReader done

Classes unloaded (7 events):
Event: 57.634 Thread 0x000001d91cc32c30 Unloading class 0x000001d9371ad000 'java/lang/invoke/LambdaForm$MH+0x000001d9371ad000'
Event: 57.634 Thread 0x000001d91cc32c30 Unloading class 0x000001d9371acc00 'java/lang/invoke/LambdaForm$MH+0x000001d9371acc00'
Event: 57.634 Thread 0x000001d91cc32c30 Unloading class 0x000001d9371ac800 'java/lang/invoke/LambdaForm$MH+0x000001d9371ac800'
Event: 57.634 Thread 0x000001d91cc32c30 Unloading class 0x000001d9371ac400 'java/lang/invoke/LambdaForm$MH+0x000001d9371ac400'
Event: 57.634 Thread 0x000001d91cc32c30 Unloading class 0x000001d9371ac000 'java/lang/invoke/LambdaForm$BMH+0x000001d9371ac000'
Event: 57.634 Thread 0x000001d91cc32c30 Unloading class 0x000001d9371abc00 'java/lang/invoke/LambdaForm$DMH+0x000001d9371abc00'
Event: 57.634 Thread 0x000001d91cc32c30 Unloading class 0x000001d9371aa800 'java/lang/invoke/LambdaForm$DMH+0x000001d9371aa800'

Classes redefined (0 events):
No events

Internal exceptions (20 events):
Event: 57.762 Thread 0x000001d977ea7530 Exception <a 'java/lang/NoSuchMethodError'{0x00000000d5736c00}: 'int java.lang.invoke.DirectMethodHandle$Holder.invokeStatic(java.lang.Object, long)'> (0x00000000d5736c00) 
thrown [s\src\hotspot\share\interpreter\linkResolver.cpp, line 773]
Event: 57.767 Thread 0x000001d977ea7530 Exception <a 'java/lang/NoSuchMethodError'{0x00000000d5755ba8}: 'int java.lang.invoke.Invokers$Holder.linkToTargetMethod(java.lang.Object, java.lang.Object)'> (0x00000000d5755ba8) 
thrown [s\src\hotspot\share\interpreter\linkResolver.cpp, line 773]
Event: 58.860 Thread 0x000001d977ea7530 Exception <a 'java/lang/NoSuchMethodError'{0x00000000d5b0f170}: 'java.lang.Object java.lang.invoke.DirectMethodHandle$Holder.newInvokeSpecial(java.lang.Object, java.lang.Object, java.lang.Object, java.lang.Object, java.lang.Object)'> (0x00000000d5b0f170) 
thrown [s\src\hotspot\share\interpreter\linkResolver.cpp, line 773]
Event: 58.863 Thread 0x000001d977ea7530 Exception <a 'java/lang/NoSuchMethodError'{0x00000000d5b315f0}: 'java.lang.Object java.lang.invoke.Invokers$Holder.invoke_MT(java.lang.Object, java.lang.Object, java.lang.Object, java.lang.Object, java.lang.Object, java.lang.Object, java.lang.Object, java.lang.Object, java.lang.Object, java.lang.Object, java.lang.Object)'> (0x00000000d5b315f0) 
thrown [s\src\hotspot\share\interpreter\linkResolver.cpp, line 773]
Event: 58.866 Thread 0x000001d977ea7530 Implicit null exception at 0x000001d9293028bd to 0x000001d929302932
Event: 58.877 Thread 0x000001d977ea7530 Exception <a 'java/lang/NoSuchMethodError'{0x00000000d5bc0c20}: 'java.lang.Object java.lang.invoke.Invokers$Holder.invoke_MT(java.lang.Object, java.lang.Object, java.lang.Object, java.lang.Object, java.lang.Object, java.lang.Object, java.lang.Object, java.lang.Object, java.lang.Object, java.lang.Object)'> (0x00000000d5bc0c20) 
thrown [s\src\hotspot\share\interpreter\linkResolver.cpp, line 773]
Event: 59.894 Thread 0x000001d977ea7530 Exception <a 'java/lang/NoSuchMethodError'{0x00000000d5c6a238}: 'java.lang.Object java.lang.invoke.DirectMethodHandle$Holder.newInvokeSpecial(java.lang.Object, java.lang.Object, java.lang.Object, java.lang.Object, java.lang.Object, java.lang.Object, java.lang.Object)'> (0x00000000d5c6a238) 
thrown [s\src\hotspot\share\interpreter\linkResolver.cpp, line 773]
Event: 59.915 Thread 0x000001d977ea7530 Exception <a 'java/lang/NoSuchMethodError'{0x00000000d5ce2700}: 'java.lang.Object java.lang.invoke.Invokers$Holder.invoker(java.lang.Object, java.lang.Object, java.lang.Object, java.lang.Object, java.lang.Object, java.lang.Object, java.lang.Object, java.lang.Object, java.lang.Object, java.lang.Object, java.lang.Object, java.lang.Object, java.lang.Object)'> (0x00000000d5ce2700) 
thrown [s\src\hotspot\share\interpreter\linkResolver.cpp, line 773]
Event: 59.917 Thread 0x000001d977ea7530 Exception <a 'java/lang/NoSuchMethodError'{0x00000000d5cecb98}: 'java.lang.Object java.lang.invoke.DelegatingMethodHandle$Holder.delegate(java.lang.Object, java.lang.Object, java.lang.Object, java.lang.Object, java.lang.Object, java.lang.Object, java.lang.Object, java.lang.Object, java.lang.Object, java.lang.Object, java.lang.Object, java.lang.Object, java.lang.Object)'> (0x00000000d5cecb98) 
thrown [s\src\hotspot\share\interpreter\linkResolver.cpp, line 773]
Event: 59.937 Thread 0x000001d977ea7530 Exception <a 'java/lang/NoSuchMethodError'{0x00000000d5d52fa8}: static Lorg/eclipse/m2e/core/internal/lifecyclemapping/model/PluginExecutionMetadata;.<clinit>()V> (0x00000000d5d52fa8) 
thrown [s\src\hotspot\share\prims\jni.cpp, line 1111]
Event: 59.939 Thread 0x000001d977ea7530 Implicit null exception at 0x000001d929386d24 to 0x000001d929387754
Event: 59.954 Thread 0x000001d977ea7530 Exception <a 'java/lang/NoSuchMethodError'{0x00000000d5dae9c0}: static Lorg/eclipse/m2e/core/internal/lifecyclemapping/model/PluginExecutionFilter;.<clinit>()V> (0x00000000d5dae9c0) 
thrown [s\src\hotspot\share\prims\jni.cpp, line 1111]
Event: 59.961 Thread 0x000001d977ea7530 Exception <a 'java/lang/NoSuchMethodError'{0x00000000d5ddb270}: static Lorg/eclipse/m2e/core/internal/project/registry/MavenProjectFacade$MavenProjectConfiguration;.<clinit>()V> (0x00000000d5ddb270) 
thrown [s\src\hotspot\share\prims\jni.cpp, line 1111]
Event: 60.159 Thread 0x000001d977ea7530 Exception <a 'java/lang/NoSuchMethodError'{0x00000000d6417c58}: 'double java.lang.invoke.DirectMethodHandle$Holder.invokeStatic(java.lang.Object, java.lang.Object)'> (0x00000000d6417c58) 
thrown [s\src\hotspot\share\interpreter\linkResolver.cpp, line 773]
Event: 60.159 Thread 0x000001d977ea7530 Exception <a 'java/lang/NoSuchMethodError'{0x00000000d642fd68}: 'double java.lang.invoke.DirectMethodHandle$Holder.invokeStaticInit(java.lang.Object, java.lang.Object)'> (0x00000000d642fd68) 
thrown [s\src\hotspot\share\interpreter\linkResolver.cpp, line 773]
Event: 60.352 Thread 0x000001d977ea7530 Exception <a 'java/io/FileNotFoundException'{0x00000000d5ded4c8}> (0x00000000d5ded4c8) 
thrown [s\src\hotspot\share\prims\jni.cpp, line 520]
Event: 60.353 Thread 0x000001d977ea7530 Exception <a 'java/io/FileNotFoundException'{0x00000000d5dee2f8}> (0x00000000d5dee2f8) 
thrown [s\src\hotspot\share\prims\jni.cpp, line 520]
Event: 60.353 Thread 0x000001d977ea7530 Exception <a 'java/io/FileNotFoundException'{0x00000000d5def230}> (0x00000000d5def230) 
thrown [s\src\hotspot\share\prims\jni.cpp, line 520]
Event: 60.687 Thread 0x000001d977ea7530 Implicit null exception at 0x000001d92942be75 to 0x000001d92942bf50
Event: 60.973 Thread 0x000001d977ea7530 Exception <a 'java/lang/NoSuchMethodError'{0x00000000d6bcc558}: 'java.lang.Object java.lang.invoke.DirectMethodHandle$Holder.newInvokeSpecial(java.lang.Object, int, java.lang.Object, java.lang.Object)'> (0x00000000d6bcc558) 
thrown [s\src\hotspot\share\interpreter\linkResolver.cpp, line 773]

ZGC Phase Switch (0 events):
No events

VM Operations (20 events):
Event: 57.729 Executing VM operation: HandshakeAllThreads (Deoptimize) done
Event: 58.735 Executing VM operation: Cleanup
Event: 58.844 Executing VM operation: Cleanup done
Event: 59.856 Executing VM operation: Cleanup
Event: 59.856 Executing VM operation: Cleanup done
Event: 60.106 Executing VM operation: HandshakeAllThreads (HandshakeForDeflation)
Event: 60.107 Executing VM operation: HandshakeAllThreads (HandshakeForDeflation) done
Event: 60.107 Executing VM operation: RendezvousGCThreads
Event: 60.107 Executing VM operation: RendezvousGCThreads done
Event: 60.206 Executing VM operation: HandshakeAllThreads (Deoptimize)
Event: 60.206 Executing VM operation: HandshakeAllThreads (Deoptimize) done
Event: 60.291 Executing VM operation: ParallelGCFailedAllocation (Allocation Failure)
Event: 60.294 Executing VM operation: ParallelGCFailedAllocation (Allocation Failure) done
Event: 60.677 Executing VM operation: ParallelGCFailedAllocation (Allocation Failure)
Event: 60.680 Executing VM operation: ParallelGCFailedAllocation (Allocation Failure) done
Event: 61.016 Executing VM operation: ParallelGCFailedAllocation (Allocation Failure)
Event: 61.019 Executing VM operation: ParallelGCFailedAllocation (Allocation Failure) done
Event: 61.117 Executing VM operation: HandshakeAllThreads (Deoptimize)
Event: 61.117 Executing VM operation: HandshakeAllThreads (Deoptimize) done
Event: 62.117 Executing VM operation: Cleanup

Memory protections (0 events):
No events

Nmethod flushes (0 events):
No events

Events (20 events):
Event: 46.873 Thread 0x000001d977ea7530 Thread added: 0x000001d97d2316a0
Event: 47.133 Thread 0x000001d977ea7530 Thread added: 0x000001d97db06de0
Event: 49.574 Thread 0x000001d91cc4b4c0 Thread added: 0x000001d97d9c0c20
Event: 49.796 Thread 0x000001d977ea7530 Thread added: 0x000001d977b76190
Event: 49.825 Thread 0x000001d97d9c0c20 Thread exited: 0x000001d97d9c0c20
Event: 50.412 Thread 0x000001d91cc4b4c0 Thread added: 0x000001d977afa570
Event: 50.429 Thread 0x000001d91cc4bf50 Thread added: 0x000001d97d9538f0
Event: 50.617 Thread 0x000001d97d9538f0 Thread exited: 0x000001d97d9538f0
Event: 50.821 Thread 0x000001d977afa570 Thread exited: 0x000001d977afa570
Event: 53.264 Thread 0x000001d977ea7530 Thread added: 0x000001d977b77540
Event: 54.545 Thread 0x000001d97db06de0 Thread exited: 0x000001d97db06de0
Event: 54.822 Thread 0x000001d977ea7530 Thread added: 0x000001d977b75470
Event: 54.852 Thread 0x000001d977ea7530 Thread added: 0x000001d977b78260
Event: 54.854 Thread 0x000001d977ea7530 Thread added: 0x000001d977b76820
Event: 55.054 Thread 0x000001d977b78260 Thread added: 0x000001d977b76eb0
Event: 55.384 Thread 0x000001d91cc4bf50 Thread added: 0x000001d97dcb3390
Event: 57.599 Thread 0x000001d97dcb3390 Thread exited: 0x000001d97dcb3390
Event: 57.805 Thread 0x000001d91cc4bf50 Thread added: 0x000001d97edc76a0
Event: 57.810 Thread 0x000001d91cc4bf50 Thread added: 0x000001d97dbcb960
Event: 60.630 Thread 0x000001d97dbcb960 Thread exited: 0x000001d97dbcb960


Dynamic libraries:
0x00007ff65ff90000 - 0x00007ff65ff9e000 	c:\Users\48_pkf\.windsurf\extensions\redhat.java-1.44.0-win32-x64\jre\21.0.8-win32-x86_64\bin\java.exe
0x00007ff95c0e0000 - 0x00007ff95c349000 	C:\WINDOWS\SYSTEM32\ntdll.dll
0x00007ff95b720000 - 0x00007ff95b7e9000 	C:\WINDOWS\System32\KERNEL32.DLL
0x00007ff959890000 - 0x00007ff959c83000 	C:\WINDOWS\System32\KERNELBASE.dll
0x00007ff959270000 - 0x00007ff9593bb000 	C:\WINDOWS\System32\ucrtbase.dll
0x00007ff918070000 - 0x00007ff91808e000 	c:\Users\48_pkf\.windsurf\extensions\redhat.java-1.44.0-win32-x64\jre\21.0.8-win32-x86_64\bin\VCRUNTIME140.dll
0x00007ff918130000 - 0x00007ff918148000 	c:\Users\48_pkf\.windsurf\extensions\redhat.java-1.44.0-win32-x64\jre\21.0.8-win32-x86_64\bin\jli.dll
0x00007ff95b4e0000 - 0x00007ff95b6a4000 	C:\WINDOWS\System32\USER32.dll
0x00007ff959640000 - 0x00007ff959667000 	C:\WINDOWS\System32\win32u.dll
0x00007ff93a720000 - 0x00007ff93a9b3000 	C:\WINDOWS\WinSxS\amd64_microsoft.windows.common-controls_6595b64144ccf1df_6.0.26100.5074_none_3e0d6f78e32fd63f\COMCTL32.dll
0x00007ff959f40000 - 0x00007ff959f6b000 	C:\WINDOWS\System32\GDI32.dll
0x00007ff9593c0000 - 0x00007ff9594ed000 	C:\WINDOWS\System32\gdi32full.dll
0x00007ff95b430000 - 0x00007ff95b4d9000 	C:\WINDOWS\System32\msvcrt.dll
0x00007ff959670000 - 0x00007ff959713000 	C:\WINDOWS\System32\msvcp_win.dll
0x00007ff95b8f0000 - 0x00007ff95b91f000 	C:\WINDOWS\System32\IMM32.DLL
0x00007ff92f440000 - 0x00007ff92f44c000 	c:\Users\48_pkf\.windsurf\extensions\redhat.java-1.44.0-win32-x64\jre\21.0.8-win32-x86_64\bin\vcruntime140_1.dll
0x00007ff90cad0000 - 0x00007ff90cb5d000 	c:\Users\48_pkf\.windsurf\extensions\redhat.java-1.44.0-win32-x64\jre\21.0.8-win32-x86_64\bin\msvcp140.dll
0x00007ff8aa7c0000 - 0x00007ff8ab557000 	c:\Users\48_pkf\.windsurf\extensions\redhat.java-1.44.0-win32-x64\jre\21.0.8-win32-x86_64\bin\server\jvm.dll
0x00007ff95be70000 - 0x00007ff95bf24000 	C:\WINDOWS\System32\ADVAPI32.dll
0x00007ff95b150000 - 0x00007ff95b1f6000 	C:\WINDOWS\System32\sechost.dll
0x00007ff95a190000 - 0x00007ff95a2a8000 	C:\WINDOWS\System32\RPCRT4.dll
0x00007ff95b040000 - 0x00007ff95b0b4000 	C:\WINDOWS\System32\WS2_32.dll
0x00007ff9590d0000 - 0x00007ff95912e000 	C:\WINDOWS\SYSTEM32\POWRPROF.dll
0x00007ff94e600000 - 0x00007ff94e635000 	C:\WINDOWS\SYSTEM32\WINMM.dll
0x00007ff944ae0000 - 0x00007ff944aeb000 	C:\WINDOWS\SYSTEM32\VERSION.dll
0x00007ff9590b0000 - 0x00007ff9590c4000 	C:\WINDOWS\SYSTEM32\UMPDC.dll
0x00007ff958010000 - 0x00007ff95802b000 	C:\WINDOWS\SYSTEM32\kernel.appcore.dll
0x00007ff92eb20000 - 0x00007ff92eb2a000 	c:\Users\48_pkf\.windsurf\extensions\redhat.java-1.44.0-win32-x64\jre\21.0.8-win32-x86_64\bin\jimage.dll
0x00007ff9568f0000 - 0x00007ff956b32000 	C:\WINDOWS\SYSTEM32\DBGHELP.DLL
0x00007ff95b9c0000 - 0x00007ff95bd3b000 	C:\WINDOWS\System32\combase.dll
0x00007ff95bfc0000 - 0x00007ff95c097000 	C:\WINDOWS\System32\OLEAUT32.dll
0x00007ff92ab70000 - 0x00007ff92abad000 	C:\WINDOWS\SYSTEM32\dbgcore.DLL
0x00007ff959c90000 - 0x00007ff959d29000 	C:\WINDOWS\System32\bcryptPrimitives.dll
0x00007ff92eaf0000 - 0x00007ff92eaff000 	c:\Users\48_pkf\.windsurf\extensions\redhat.java-1.44.0-win32-x64\jre\21.0.8-win32-x86_64\bin\instrument.dll
0x00007ff917ca0000 - 0x00007ff917cbf000 	c:\Users\48_pkf\.windsurf\extensions\redhat.java-1.44.0-win32-x64\jre\21.0.8-win32-x86_64\bin\java.dll
0x00007ff95a740000 - 0x00007ff95ae8d000 	C:\WINDOWS\System32\SHELL32.dll
0x00007ff959720000 - 0x00007ff95988c000 	C:\WINDOWS\System32\wintypes.dll
0x00007ff956e90000 - 0x00007ff9576e9000 	C:\WINDOWS\SYSTEM32\windows.storage.dll
0x00007ff95bd40000 - 0x00007ff95be30000 	C:\WINDOWS\System32\SHCORE.dll
0x00007ff95b6b0000 - 0x00007ff95b712000 	C:\WINDOWS\System32\shlwapi.dll
0x00007ff959190000 - 0x00007ff9591b9000 	C:\WINDOWS\SYSTEM32\profapi.dll
0x00007ff92fb40000 - 0x00007ff92fb58000 	c:\Users\48_pkf\.windsurf\extensions\redhat.java-1.44.0-win32-x64\jre\21.0.8-win32-x86_64\bin\zip.dll
0x00007ff934610000 - 0x00007ff934620000 	C:\Users\48_pkf\.windsurf\extensions\redhat.java-1.44.0-win32-x64\jre\21.0.8-win32-x86_64\bin\net.dll
0x00007ff94e450000 - 0x00007ff94e56f000 	C:\WINDOWS\SYSTEM32\WINHTTP.dll
0x00007ff958570000 - 0x00007ff9585db000 	C:\WINDOWS\system32\mswsock.dll
0x00007ff92eb30000 - 0x00007ff92eb46000 	C:\Users\48_pkf\.windsurf\extensions\redhat.java-1.44.0-win32-x64\jre\21.0.8-win32-x86_64\bin\nio.dll
0x00007ff92b200000 - 0x00007ff92b210000 	c:\Users\48_pkf\.windsurf\extensions\redhat.java-1.44.0-win32-x64\jre\21.0.8-win32-x86_64\bin\verify.dll
0x00007ff902760000 - 0x00007ff9027a5000 	C:\Users\48_pkf\AppData\Roaming\Windsurf\User\globalStorage\redhat.java\1.44.0\config_win\org.eclipse.equinox.launcher\org.eclipse.equinox.launcher.win32.win32.x86_64_1.2.1400.v20250730-1736\eclipse_11913.dll
0x00007ff95ae90000 - 0x00007ff95b028000 	C:\WINDOWS\System32\ole32.dll
0x00007ff958940000 - 0x00007ff95895b000 	C:\WINDOWS\SYSTEM32\CRYPTSP.dll
0x00007ff957f70000 - 0x00007ff957fab000 	C:\WINDOWS\system32\rsaenh.dll
0x00007ff958610000 - 0x00007ff95863b000 	C:\WINDOWS\SYSTEM32\USERENV.dll
0x00007ff959160000 - 0x00007ff959186000 	C:\WINDOWS\SYSTEM32\bcrypt.dll
0x00007ff9587a0000 - 0x00007ff9587ac000 	C:\WINDOWS\SYSTEM32\CRYPTBASE.dll
0x00007ff957a60000 - 0x00007ff957a94000 	C:\WINDOWS\SYSTEM32\IPHLPAPI.DLL
0x00007ff959eb0000 - 0x00007ff959eba000 	C:\WINDOWS\System32\NSI.dll
0x00007ff902570000 - 0x00007ff9025b9000 	C:\Users\48_pkf\AppData\Local\Temp\jna-1543374224\jna8356558139252785561.dll
0x00007ff95bf50000 - 0x00007ff95bf58000 	C:\WINDOWS\System32\PSAPI.DLL

JVMTI agents:
c:\Users\48_pkf\.windsurf\extensions\redhat.java-1.44.0-win32-x64\lombok\lombok-1.18.39-4050.jar path:c:\Users\48_pkf\.windsurf\extensions\redhat.java-1.44.0-win32-x64\jre\21.0.8-win32-x86_64\bin\instrument.dll, loaded, initialized, instrumentlib options:none

dbghelp: loaded successfully - version: 4.0.5 - missing functions: none
symbol engine: initialized successfully - sym options: 0x614 - pdb path: .;c:\Users\48_pkf\.windsurf\extensions\redhat.java-1.44.0-win32-x64\jre\21.0.8-win32-x86_64\bin;C:\WINDOWS\SYSTEM32;C:\WINDOWS\WinSxS\amd64_microsoft.windows.common-controls_6595b64144ccf1df_6.0.26100.5074_none_3e0d6f78e32fd63f;c:\Users\48_pkf\.windsurf\extensions\redhat.java-1.44.0-win32-x64\jre\21.0.8-win32-x86_64\bin\server;C:\Users\48_pkf\AppData\Roaming\Windsurf\User\globalStorage\redhat.java\1.44.0\config_win\org.eclipse.equinox.launcher\org.eclipse.equinox.launcher.win32.win32.x86_64_1.2.1400.v20250730-1736;C:\Users\48_pkf\AppData\Local\Temp\jna-1543374224

VM Arguments:
jvm_args: --add-modules=ALL-SYSTEM --add-opens=java.base/java.util=ALL-UNNAMED --add-opens=java.base/java.lang=ALL-UNNAMED --add-opens=java.base/sun.nio.fs=ALL-UNNAMED -Declipse.application=org.eclipse.jdt.ls.core.id1 -Dosgi.bundles.defaultStartLevel=4 -Declipse.product=org.eclipse.jdt.ls.core.product -Djava.import.generatesMetadataFilesAtProjectRoot=false -DDetectVMInstallationsJob.disabled=true -Dfile.encoding=utf8 -XX:+UseParallelGC -XX:GCTimeRatio=4 -XX:AdaptiveSizePolicyWeight=90 -Dsun.zip.disableMemoryMapping=true -Xmx2G -Xms100m -Xlog:disable -javaagent:c:\Users\48_pkf\.windsurf\extensions\redhat.java-1.44.0-win32-x64\lombok\lombok-1.18.39-4050.jar -XX:+HeapDumpOnOutOfMemoryError -XX:HeapDumpPath=c:\Users\48_pkf\AppData\Roaming\Windsurf\User\workspaceStorage\3b98a8cfaf201d25ada82b0d832fd192\redhat.java -Daether.dependencyCollector.impl=bf 
java_command: c:\Users\48_pkf\.windsurf\extensions\redhat.java-1.44.0-win32-x64\server\plugins\org.eclipse.equinox.launcher_1.7.0.v20250519-0528.jar -configuration c:\Users\48_pkf\AppData\Roaming\Windsurf\User\globalStorage\redhat.java\1.44.0\config_win -data c:\Users\48_pkf\AppData\Roaming\Windsurf\User\workspaceStorage\3b98a8cfaf201d25ada82b0d832fd192\redhat.java\jdt_ws --pipe=\\.\pipe\lsp-cd6efa72d5d54378961b3d6487b814fb-sock
java_class_path (initial): c:\Users\48_pkf\.windsurf\extensions\redhat.java-1.44.0-win32-x64\server\plugins\org.eclipse.equinox.launcher_1.7.0.v20250519-0528.jar
Launcher Type: SUN_STANDARD

[Global flags]
    uintx AdaptiveSizePolicyWeight                 = 90                                        {product} {command line}
     intx CICompilerCount                          = 4                                         {product} {ergonomic}
    uintx GCTimeRatio                              = 4                                         {product} {command line}
     bool HeapDumpOnOutOfMemoryError               = true                                   {manageable} {command line}
    ccstr HeapDumpPath                             = c:\Users\48_pkf\AppData\Roaming\Windsurf\User\workspaceStorage\3b98a8cfaf201d25ada82b0d832fd192\redhat.java         {manageable} {command line}
   size_t InitialHeapSize                          = 104857600                                 {product} {command line}
   size_t MaxHeapSize                              = 2147483648                                {product} {command line}
   size_t MaxNewSize                               = 715653120                                 {product} {ergonomic}
   size_t MinHeapDeltaBytes                        = 524288                                    {product} {ergonomic}
   size_t MinHeapSize                              = 104857600                                 {product} {command line}
   size_t NewSize                                  = 34603008                                  {product} {ergonomic}
    uintx NonNMethodCodeHeapSize                   = 5839372                                {pd product} {ergonomic}
    uintx NonProfiledCodeHeapSize                  = 122909434                              {pd product} {ergonomic}
   size_t OldSize                                  = 70254592                                  {product} {ergonomic}
    uintx ProfiledCodeHeapSize                     = 122909434                              {pd product} {ergonomic}
    uintx ReservedCodeCacheSize                    = 251658240                              {pd product} {ergonomic}
     bool SegmentedCodeCache                       = true                                      {product} {ergonomic}
   size_t SoftMaxHeapSize                          = 2147483648                             {manageable} {ergonomic}
     bool UseCompressedOops                        = true                           {product lp64_product} {ergonomic}
     bool UseLargePagesIndividualAllocation        = false                                  {pd product} {ergonomic}
     bool UseParallelGC                            = true                                      {product} {command line}

Logging:
Log output configuration:
 #0: stdout all=off uptime,level,tags foldmultilines=false
 #1: stderr all=off uptime,level,tags foldmultilines=false

Environment Variables:
JAVA_HOME=C:\Program Files\Eclipse Adoptium\jdk-21.0.4.7-hotspot\
PATH=C:\Program Files\Eclipse Adoptium\jdk-21.0.4.7-hotspot\bin;C:\Program Files\Common Files\Oracle\Java\javapath;C:\Program Files (x86)\Common Files\Oracle\Java\java8path;C:\Program Files (x86)\Common Files\Oracle\Java\javapath;C:\Python313\Scripts\;C:\Python313\; (x86)\Common Files\Oracle\Java\java8path; (x86)\Common Files\Oracle\Java\javapath;C:\Python312\Scripts\;C:\Python312\;C:\WINDOWS\system32;C:\WINDOWS;C:\WINDOWS\System32\Wbem;C:\WINDOWS\System32\WindowsPowerShell\v1.0\;C:\WINDOWS\System32\OpenSSH\;dotnet\;C:\ProgramData\chocolatey\bin;Git\cmd;PostgreSQL\17\bin;C:\Users\48_pkf\AppData\Local\nvm;C:\nvm4w\nodejs;C:\Program Files\Docker\Docker\resources\bin;C:\Program Files\dotnet\;C:\Users\48_pkf\AppData\Local\Microsoft\WindowsApps;C:\Users\48_pkf\AppData\Local\Programs\Microsoft VS Code\bin;D:\Jav\bin;Java\jdk-1.8\bin;Java\jdk-1.8\jre\bin;D:\IntelliJ IDEA Community Edition 2024.2.4\bin;;WSL\lib;C:\Program Files\JetBrains\IntelliJ IDEA 2024.3.2.2\bin;;C:\Users\48_pkf\AppData\Local\nvm;C:\nvm4w\nodejs;C:\nvm4w\nodejs\node_modules\yarn\bin;C:\nvm4w\nodejs;C:\Program Files\Git\bin;C:\Program Files\apache-maven-3.9.10\bin;C:\Program Files\node_modules\npm\bin;C:\ProgramData\chocolatey\bin;C:\Program Files\Java\jdk-24\bin;C:\Program Files\Eclipse Adoptium\jdk-21.0.4.7-hotspot\bin;D:\Windsurf\bin
USERNAME=48_pkf
OS=Windows_NT
PROCESSOR_IDENTIFIER=Intel64 Family 6 Model 154 Stepping 4, GenuineIntel
TMP=C:\Users\48_pkf\AppData\Local\Temp
TEMP=C:\Users\48_pkf\AppData\Local\Temp




Periodic native trim disabled

---------------  S Y S T E M  ---------------

OS:
 Windows 11 , 64 bit Build 26100 (10.0.26100.5074)
OS uptime: 0 days 9:40 hours
Hyper-V role detected

CPU: total 12 (initial active 12) (6 cores per cpu, 2 threads per core) family 6 model 154 stepping 4 microcode 0x437, cx8, cmov, fxsr, ht, mmx, 3dnowpref, sse, sse2, sse3, ssse3, sse4.1, sse4.2, popcnt, lzcnt, tsc, tscinvbit, avx, avx2, aes, erms, clmul, bmi1, bmi2, adx, sha, fma, vzeroupper, clflush, clflushopt, clwb, hv, serialize, rdtscp, rdpid, fsrm, f16c, cet_ibt, cet_ss
Processor Information for the first 12 processors :
  Max Mhz: 1300, Current Mhz: 1300, Mhz Limit: 1300

Memory: 4k page, system-wide physical 7880M (580M free)
TotalPageFile size 32880M (AvailPageFile size 10M)
current process WorkingSet (physical memory assigned to process): 162M, peak: 162M
current process commit charge ("private bytes"): 308M, peak: 308M

vm_info: OpenJDK 64-Bit Server VM (21.0.8+9-LTS) for windows-amd64 JRE (21.0.8+9-LTS), built on 2025-07-15T00:00:00Z by "admin" with MS VC++ 17.7 (VS2022)

END.
