[INFO] Scanning for projects...
[INFO] 
[INFO] -------------------< com.mogou:conventions-service >--------------------
[INFO] Building conventions-service 0.0.1-SNAPSHOT
[INFO]   from pom.xml
[INFO] --------------------------------[ jar ]---------------------------------
[INFO] 
[INFO] >>> spring-boot:3.5.6:run (default-cli) > test-compile @ conventions-service >>>
[INFO] 
[INFO] --- resources:3.3.1:resources (default-resources) @ conventions-service ---
[INFO] Copying 2 resources from src\main\resources to target\classes
[INFO] Copying 0 resource from src\main\resources to target\classes
[INFO] 
[INFO] --- compiler:3.14.0:compile (default-compile) @ conventions-service ---
[INFO] Nothing to compile - all classes are up to date.
[INFO] 
[INFO] --- resources:3.3.1:testResources (default-testResources) @ conventions-service ---
[INFO] skip non existing resourceDirectory d:\projet48\microservice\testStageMicroservice\stage\microservice\conventions-service\src\test\resources
[INFO] 
[INFO] --- compiler:3.14.0:testCompile (default-testCompile) @ conventions-service ---
[INFO] Nothing to compile - all classes are up to date.
[INFO] 
[INFO] <<< spring-boot:3.5.6:run (default-cli) < test-compile @ conventions-service <<<
[INFO] 
[INFO] 
[INFO] --- spring-boot:3.5.6:run (default-cli) @ conventions-service ---
[INFO] Attaching agents: []
Standard Commons Logging discovery in action with spring-jcl: please remove commons-logging.jar from classpath in order to avoid potential conflicts

  .   ____          _            __ _ _
 /\\ / ___'_ __ _ _(_)_ __  __ _ \ \ \ \
( ( )\___ | '_ | '_| | '_ \/ _` | \ \ \ \
 \\/  ___)| |_)| | | | | || (_| |  ) ) ) )
  '  |____| .__|_| |_|_| |_\__, | / / / /
 =========|_|==============|___/=/_/_/_/

 :: Spring Boot ::                (v3.5.6)

2025-09-28T16:37:42.117+02:00  INFO 28700 --- [conventions-service] [           main] c.mogou.ConventionsServiceApplication    : Starting ConventionsServiceApplication using Java 21.0.4 with PID 28700 (D:\projet48\microservice\testStageMicroservice\stage\microservice\conventions-service\target\classes started by 48_pkf in d:\projet48\microservice\testStageMicroservice\stage\microservice\conventions-service)
2025-09-28T16:37:42.120+02:00  INFO 28700 --- [conventions-service] [           main] c.mogou.ConventionsServiceApplication    : No active profile set, falling back to 1 default profile: "default"
2025-09-28T16:37:43.339+02:00  INFO 28700 --- [conventions-service] [           main] .s.d.r.c.RepositoryConfigurationDelegate : Bootstrapping Spring Data JPA repositories in DEFAULT mode.
2025-09-28T16:37:43.745+02:00  INFO 28700 --- [conventions-service] [           main] .s.d.r.c.RepositoryConfigurationDelegate : Finished Spring Data repository scanning in 385 ms. Found 2 JPA repository interfaces.
2025-09-28T16:37:44.198+02:00  INFO 28700 --- [conventions-service] [           main] o.s.cloud.context.scope.GenericScope     : BeanFactory id=a85fd9f8-a9ac-37bc-8a1b-45151098310b
2025-09-28T16:37:44.763+02:00  INFO 28700 --- [conventions-service] [           main] o.s.b.w.embedded.tomcat.TomcatWebServer  : Tomcat initialized with port 8095 (http)
2025-09-28T16:37:44.789+02:00  INFO 28700 --- [conventions-service] [           main] o.apache.catalina.core.StandardService   : Starting service [Tomcat]
2025-09-28T16:37:44.790+02:00  INFO 28700 --- [conventions-service] [           main] o.apache.catalina.core.StandardEngine    : Starting Servlet engine: [Apache Tomcat/10.1.46]
2025-09-28T16:37:44.915+02:00  INFO 28700 --- [conventions-service] [           main] o.a.c.c.C.[Tomcat].[localhost].[/]       : Initializing Spring embedded WebApplicationContext
2025-09-28T16:37:44.916+02:00  INFO 28700 --- [conventions-service] [           main] w.s.c.ServletWebServerApplicationContext : Root WebApplicationContext: initialization completed in 2720 ms
Standard Commons Logging discovery in action with spring-jcl: please remove commons-logging.jar from classpath in order to avoid potential conflicts
2025-09-28T16:37:45.184+02:00  INFO 28700 --- [conventions-service] [           main] o.hibernate.jpa.internal.util.LogHelper  : HHH000204: Processing PersistenceUnitInfo [name: default]
2025-09-28T16:37:45.300+02:00  INFO 28700 --- [conventions-service] [           main] org.hibernate.Version                    : HHH000412: Hibernate ORM core version 6.6.29.Final
2025-09-28T16:37:45.370+02:00  INFO 28700 --- [conventions-service] [           main] o.h.c.internal.RegionFactoryInitiator    : HHH000026: Second-level cache disabled
2025-09-28T16:37:45.970+02:00  INFO 28700 --- [conventions-service] [           main] o.s.o.j.p.SpringPersistenceUnitInfo      : No LoadTimeWeaver setup: ignoring JPA class transformer
2025-09-28T16:37:46.013+02:00  INFO 28700 --- [conventions-service] [           main] com.zaxxer.hikari.HikariDataSource       : HikariPool-1 - Starting...
2025-09-28T16:37:46.415+02:00  INFO 28700 --- [conventions-service] [           main] com.zaxxer.hikari.pool.HikariPool        : HikariPool-1 - Added connection org.postgresql.jdbc.PgConnection@4d4c4b14
2025-09-28T16:37:46.417+02:00  INFO 28700 --- [conventions-service] [           main] com.zaxxer.hikari.HikariDataSource       : HikariPool-1 - Start completed.
2025-09-28T16:37:46.486+02:00  WARN 28700 --- [conventions-service] [           main] org.hibernate.orm.deprecation            : HHH90000025: PostgreSQLDialect does not need to be specified explicitly using 'hibernate.dialect' (remove the property setting and it will be selected by default)
2025-09-28T16:37:46.511+02:00  INFO 28700 --- [conventions-service] [           main] org.hibernate.orm.connections.pooling    : HHH10001005: Database info:
	Database JDBC URL [Connecting through datasource 'HikariDataSource (HikariPool-1)']
	Database driver: undefined/unknown
	Database version: 17.5
	Autocommit mode: undefined/unknown
	Isolation level: undefined/unknown
	Minimum pool size: undefined/unknown
	Maximum pool size: undefined/unknown
2025-09-28T16:37:48.108+02:00  INFO 28700 --- [conventions-service] [           main] o.h.e.t.j.p.i.JtaPlatformInitiator       : HHH000489: No JTA platform available (set 'hibernate.transaction.jta.platform' to enable JTA platform integration)
2025-09-28T16:37:48.385+02:00  INFO 28700 --- [conventions-service] [           main] j.LocalContainerEntityManagerFactoryBean : Initialized JPA EntityManagerFactory for persistence unit 'default'
2025-09-28T16:37:49.379+02:00  WARN 28700 --- [conventions-service] [           main] JpaBaseConfiguration$JpaWebConfiguration : spring.jpa.open-in-view is enabled by default. Therefore, database queries may be performed during view rendering. Explicitly configure spring.jpa.open-in-view to disable this warning
2025-09-28T16:37:50.457+02:00  INFO 28700 --- [conventions-service] [           main] o.s.cloud.commons.util.InetUtils         : Cannot determine local hostname
2025-09-28T16:37:50.532+02:00  INFO 28700 --- [conventions-service] [           main] o.s.c.openfeign.FeignClientFactoryBean   : For 'applications-service' URL not provided. Will try picking an instance via load-balancing.
2025-09-28T16:37:50.585+02:00  INFO 28700 --- [conventions-service] [           main] o.s.c.openfeign.FeignClientFactoryBean   : For 'user-service' URL not provided. Will try picking an instance via load-balancing.
2025-09-28T16:37:50.860+02:00  WARN 28700 --- [conventions-service] [           main] .s.s.UserDetailsServiceAutoConfiguration : 

Using generated security password: 3178aeae-33c9-416b-91cc-a66f0a3f504e

This generated password is for development use only. Your security configuration must be updated before running your application in production.

2025-09-28T16:37:50.869+02:00  INFO 28700 --- [conventions-service] [           main] r$InitializeUserDetailsManagerConfigurer : Global AuthenticationManager configured with UserDetailsService bean with name inMemoryUserDetailsManager
2025-09-28T16:37:52.283+02:00  INFO 28700 --- [conventions-service] [           main] o.s.cloud.commons.util.InetUtils         : Cannot determine local hostname
2025-09-28T16:37:52.366+02:00  INFO 28700 --- [conventions-service] [           main] DiscoveryClientOptionalArgsConfiguration : Eureka HTTP Client uses RestTemplate.
2025-09-28T16:37:52.410+02:00  WARN 28700 --- [conventions-service] [           main] iguration$LoadBalancerCaffeineWarnLogger : Spring Cloud LoadBalancer is currently working with the default cache. While this cache implementation is useful for development and tests, it's recommended to use Caffeine cache in production.You can switch to using Caffeine cache, by adding it and org.springframework.cache.caffeine.CaffeineCacheManager to the classpath.
2025-09-28T16:37:52.453+02:00  INFO 28700 --- [conventions-service] [           main] o.s.c.n.eureka.InstanceInfoFactory       : Setting initial instance status as: STARTING
2025-09-28T16:37:52.505+02:00  INFO 28700 --- [conventions-service] [           main] com.netflix.discovery.DiscoveryClient    : Initializing Eureka in region us-east-1
2025-09-28T16:37:52.511+02:00  INFO 28700 --- [conventions-service] [           main] c.n.d.s.r.aws.ConfigClusterResolver      : Resolving eureka endpoints via configuration
2025-09-28T16:37:52.522+02:00  INFO 28700 --- [conventions-service] [           main] com.netflix.discovery.DiscoveryClient    : Disable delta property : false
2025-09-28T16:37:52.522+02:00  INFO 28700 --- [conventions-service] [           main] com.netflix.discovery.DiscoveryClient    : Single vip registry refresh property : null
2025-09-28T16:37:52.522+02:00  INFO 28700 --- [conventions-service] [           main] com.netflix.discovery.DiscoveryClient    : Force full registry fetch : false
2025-09-28T16:37:52.522+02:00  INFO 28700 --- [conventions-service] [           main] com.netflix.discovery.DiscoveryClient    : Application is null : false
2025-09-28T16:37:52.522+02:00  INFO 28700 --- [conventions-service] [           main] com.netflix.discovery.DiscoveryClient    : Registered Applications size is zero : true
2025-09-28T16:37:52.522+02:00  INFO 28700 --- [conventions-service] [           main] com.netflix.discovery.DiscoveryClient    : Application version is -1: true
2025-09-28T16:37:52.522+02:00  INFO 28700 --- [conventions-service] [           main] com.netflix.discovery.DiscoveryClient    : Getting all instance registry info from the eureka server
2025-09-28T16:37:53.199+02:00  INFO 28700 --- [conventions-service] [           main] com.netflix.discovery.DiscoveryClient    : The response status is 200
2025-09-28T16:37:53.201+02:00  INFO 28700 --- [conventions-service] [           main] com.netflix.discovery.DiscoveryClient    : Starting heartbeat executor: renew interval is: 30
2025-09-28T16:37:53.203+02:00  INFO 28700 --- [conventions-service] [           main] c.n.discovery.InstanceInfoReplicator     : InstanceInfoReplicator onDemand update allowed rate per min is 4
2025-09-28T16:37:53.210+02:00  INFO 28700 --- [conventions-service] [           main] com.netflix.discovery.DiscoveryClient    : Discovery Client initialized at timestamp 1759070273208 with initial instances count: 5
2025-09-28T16:37:53.214+02:00  INFO 28700 --- [conventions-service] [           main] o.s.c.n.e.s.EurekaServiceRegistry        : Registering application CONVENTIONS-SERVICE with eureka with status UP
2025-09-28T16:37:53.214+02:00  INFO 28700 --- [conventions-service] [           main] com.netflix.discovery.DiscoveryClient    : Saw local status change event StatusChangeEvent [timestamp=1759070273214, current=UP, previous=STARTING]
2025-09-28T16:37:53.216+02:00  INFO 28700 --- [conventions-service] [foReplicator-%d] com.netflix.discovery.DiscoveryClient    : DiscoveryClient_CONVENTIONS-SERVICE/localhost:conventions-service:8095: registering service...
2025-09-28T16:37:53.225+02:00  INFO 28700 --- [conventions-service] [           main] o.s.c.n.e.s.EurekaServiceRegistry        : Unregistering application CONVENTIONS-SERVICE with eureka with status DOWN
2025-09-28T16:37:53.226+02:00  INFO 28700 --- [conventions-service] [           main] com.netflix.discovery.DiscoveryClient    : Saw local status change event StatusChangeEvent [timestamp=1759070273226, current=DOWN, previous=UP]
2025-09-28T16:37:53.226+02:00  WARN 28700 --- [conventions-service] [           main] ConfigServletWebServerApplicationContext : Exception encountered during context initialization - cancelling refresh attempt: org.springframework.context.ApplicationContextException: Failed to start bean 'webServerStartStop'
2025-09-28T16:37:53.233+02:00  INFO 28700 --- [conventions-service] [           main] j.LocalContainerEntityManagerFactoryBean : Closing JPA EntityManagerFactory for persistence unit 'default'
2025-09-28T16:37:53.236+02:00  INFO 28700 --- [conventions-service] [           main] com.zaxxer.hikari.HikariDataSource       : HikariPool-1 - Shutdown initiated...
2025-09-28T16:37:53.242+02:00  INFO 28700 --- [conventions-service] [           main] com.zaxxer.hikari.HikariDataSource       : HikariPool-1 - Shutdown completed.
2025-09-28T16:37:53.243+02:00  INFO 28700 --- [conventions-service] [           main] com.netflix.discovery.DiscoveryClient    : Shutting down DiscoveryClient ...
2025-09-28T16:37:53.481+02:00  INFO 28700 --- [conventions-service] [foReplicator-%d] com.netflix.discovery.DiscoveryClient    : DiscoveryClient_CONVENTIONS-SERVICE/localhost:conventions-service:8095 - registration status: 204
2025-09-28T16:37:53.482+02:00  INFO 28700 --- [conventions-service] [foReplicator-%d] com.netflix.discovery.DiscoveryClient    : DiscoveryClient_CONVENTIONS-SERVICE/localhost:conventions-service:8095: registering service...
2025-09-28T16:37:53.593+02:00  INFO 28700 --- [conventions-service] [foReplicator-%d] com.netflix.discovery.DiscoveryClient    : DiscoveryClient_CONVENTIONS-SERVICE/localhost:conventions-service:8095 - registration status: 204
2025-09-28T16:37:53.593+02:00  INFO 28700 --- [conventions-service] [           main] com.netflix.discovery.DiscoveryClient    : Unregistering ...
2025-09-28T16:37:53.715+02:00  INFO 28700 --- [conventions-service] [           main] com.netflix.discovery.DiscoveryClient    : DiscoveryClient_CONVENTIONS-SERVICE/localhost:conventions-service:8095 - deregister  status: 200
2025-09-28T16:37:53.716+02:00  INFO 28700 --- [conventions-service] [           main] com.netflix.discovery.DiscoveryClient    : Completed shut down of DiscoveryClient
2025-09-28T16:37:53.742+02:00  INFO 28700 --- [conventions-service] [           main] .s.b.a.l.ConditionEvaluationReportLogger : 

Error starting ApplicationContext. To display the condition evaluation report re-run your application with 'debug' enabled.
2025-09-28T16:37:53.769+02:00 ERROR 28700 --- [conventions-service] [           main] o.s.b.d.LoggingFailureAnalysisReporter   : 

***************************
APPLICATION FAILED TO START
***************************

Description:

Web server failed to start. Port 8095 was already in use.

Action:

Identify and stop the process that's listening on port 8095 or configure this application to listen on another port.

[INFO] ------------------------------------------------------------------------
[INFO] BUILD FAILURE
[INFO] ------------------------------------------------------------------------
[INFO] Total time:  21.735 s
[INFO] Finished at: 2025-09-28T16:37:54+02:00
[INFO] ------------------------------------------------------------------------
[ERROR] Failed to execute goal org.springframework.boot:spring-boot-maven-plugin:3.5.6:run (default-cli) on project conventions-service: Process terminated with exit code: 1 -> [Help 1]
[ERROR] 
[ERROR] To see the full stack trace of the errors, re-run Maven with the -e switch.
[ERROR] Re-run Maven using the -X switch to enable full debug logging.
[ERROR] 
[ERROR] For more information about the errors and possible solutions, please read the following articles:
[ERROR] [Help 1] http://cwiki.apache.org/confluence/display/MAVEN/MojoExecutionException
